#! /usr/bin/vvp
:ivl_version "11.0 (stable)";
:ivl_delay_selection "TYPICAL";
:vpi_time_precision + 0;
:vpi_module "/usr/lib/x86_64-linux-gnu/ivl/system.vpi";
:vpi_module "/usr/lib/x86_64-linux-gnu/ivl/vhdl_sys.vpi";
:vpi_module "/usr/lib/x86_64-linux-gnu/ivl/vhdl_textio.vpi";
:vpi_module "/usr/lib/x86_64-linux-gnu/ivl/v2005_math.vpi";
:vpi_module "/usr/lib/x86_64-linux-gnu/ivl/va_math.vpi";
S_0x562b67e9fd00 .scope module, "tiny_spi" "tiny_spi" 2 123;
 .timescale 0 0;
    .port_info 0 /INPUT 1 "rst_i";
    .port_info 1 /INPUT 1 "clk_i";
    .port_info 2 /INPUT 1 "stb_i";
    .port_info 3 /INPUT 1 "we_i";
    .port_info 4 /OUTPUT 8 "dat_o";
    .port_info 5 /INPUT 8 "dat_i";
    .port_info 6 /OUTPUT 1 "int_o";
    .port_info 7 /INPUT 3 "adr_i";
    .port_info 8 /INPUT 1 "cyc_i";
    .port_info 9 /OUTPUT 1 "ack_o";
    .port_info 10 /OUTPUT 1 "MOSI";
    .port_info 11 /OUTPUT 1 "SCLK";
    .port_info 12 /INPUT 1 "MISO";
P_0x562b67e69d20 .param/l "BAUD_DIV" 0 2 144, +C4<00000000000000000000000000000000>;
P_0x562b67e69d60 .param/l "BAUD_WIDTH" 0 2 143, +C4<00000000000000000000000000001000>;
P_0x562b67e69da0 .param/l "BC_WIDTH" 0 2 146, +C4<00000000000000000000000000000011>;
P_0x562b67e69de0 .param/l "DIV_WIDTH" 0 2 147, +C4<00000000000000000000000000001000>;
P_0x562b67e69e20 .param/l "IDLE" 0 2 182, +C4<00000000000000000000000000000000>;
P_0x562b67e69e60 .param/l "PHASE1" 0 2 183, +C4<00000000000000000000000000000001>;
P_0x562b67e69ea0 .param/l "PHASE2" 0 2 184, +C4<00000000000000000000000000000010>;
P_0x562b67e69ee0 .param/l "SPI_MODE" 0 2 145, +C4<00000000000000000000000000000000>;
o0x7f9e06513f18 .functor BUFZ 1, C4<z>; HiZ drive
o0x7f9e06513c78 .functor BUFZ 1, C4<z>; HiZ drive
L_0x562b67eba050 .functor AND 1, o0x7f9e06513f18, o0x7f9e06513c78, C4<1>, C4<1>;
L_0x562b67ea3ac0 .functor AND 1, o0x7f9e06513f18, o0x7f9e06513c78, C4<1>, C4<1>;
o0x7f9e06514008 .functor BUFZ 1, C4<z>; HiZ drive
L_0x562b67ee2c90 .functor AND 1, L_0x562b67ea3ac0, o0x7f9e06514008, C4<1>, C4<1>;
L_0x562b67ee2d50 .functor AND 1, L_0x562b67ee2c90, L_0x562b67eba050, C4<1>, C4<1>;
L_0x562b67ef3130 .functor AND 1, L_0x562b67ee2d50, L_0x562b67ef2fc0, C4<1>, C4<1>;
L_0x562b67ef34f0 .functor AND 1, L_0x562b67ee2d50, L_0x562b67ef3380, C4<1>, C4<1>;
L_0x562b67ef38b0 .functor AND 1, L_0x562b67ee2d50, L_0x562b67ef3730, C4<1>, C4<1>;
L_0x562b67ef3b50 .functor AND 1, L_0x562b67ee2d50, L_0x562b67ef39c0, C4<1>, C4<1>;
L_0x562b67ef4220 .functor AND 8, v0x562b67ee22c0_0, L_0x562b67ef40e0, C4<11111111>, C4<11111111>;
L_0x562b67ef4070 .functor AND 8, v0x562b67ee09f0_0, L_0x562b67ef4590, C4<11111111>, C4<11111111>;
L_0x562b67ef48d0 .functor OR 8, L_0x562b67ef4220, L_0x562b67ef4070, C4<00000000>, C4<00000000>;
L_0x562b67ef5160 .functor AND 8, L_0x562b67ef4a60, L_0x562b67ef4b80, C4<11111111>, C4<11111111>;
L_0x562b67ef5290 .functor OR 8, L_0x562b67ef48d0, L_0x562b67ef5160, C4<00000000>, C4<00000000>;
L_0x562b67ef5a80 .functor NOT 1, v0x562b67ee0ad0_0, C4<0>, C4<0>, C4<0>;
L_0x562b67ef5220 .functor AND 1, L_0x562b67ef5a80, v0x562b67ee2780_0, C4<1>, C4<1>;
L_0x562b67ef5bc0 .functor AND 1, L_0x562b67ef58f0, v0x562b67ee2600_0, C4<1>, C4<1>;
L_0x562b67ef5cf0 .functor OR 1, L_0x562b67ef5220, L_0x562b67ef5bc0, C4<0>, C4<0>;
L_0x562b67ef5e30 .functor BUFZ 1, v0x562b67ee1f80_0, C4<0>, C4<0>, C4<0>;
o0x7f9e06513018 .functor BUFZ 1, C4<z>; HiZ drive
L_0x562b67ef60f0 .functor BUFZ 1, o0x7f9e06513018, C4<0>, C4<0>, C4<0>;
v0x562b67eaa620_0 .net "MISO", 0 0, o0x7f9e06513018;  0 drivers
v0x562b67eaa4a0_0 .net "MOSI", 0 0, L_0x562b67ef5f40;  1 drivers
v0x562b67ea3c10_0 .net "SCLK", 0 0, L_0x562b67ef5e30;  1 drivers
L_0x7f9e064ca450 .functor BUFT 1, C4<00>, C4<0>, C4<0>, C4<0>;
v0x562b67ea3d90_0 .net/2u *"_ivl_101", 1 0, L_0x7f9e064ca450;  1 drivers
v0x562b67eba170_0 .net *"_ivl_103", 31 0, L_0x562b67ef55f0;  1 drivers
L_0x7f9e064ca498 .functor BUFT 1, C4<000000000000000000000000000000>, C4<0>, C4<0>, C4<0>;
v0x562b67eba240_0 .net *"_ivl_106", 29 0, L_0x7f9e064ca498;  1 drivers
L_0x7f9e064ca4e0 .functor BUFT 1, C4<00000000000000000000000000000000>, C4<0>, C4<0>, C4<0>;
v0x562b67eba6e0_0 .net/2u *"_ivl_107", 31 0, L_0x7f9e064ca4e0;  1 drivers
L_0x7f9e064ca018 .functor BUFT 1, C4<00000000000000000000000000000>, C4<0>, C4<0>, C4<0>;
v0x562b67ede070_0 .net *"_ivl_11", 28 0, L_0x7f9e064ca018;  1 drivers
v0x562b67ede150_0 .net *"_ivl_113", 0 0, L_0x562b67ef5220;  1 drivers
v0x562b67ede230_0 .net *"_ivl_115", 0 0, L_0x562b67ef5bc0;  1 drivers
L_0x7f9e064ca060 .functor BUFT 1, C4<00000000000000000000000000000001>, C4<0>, C4<0>, C4<0>;
v0x562b67ede310_0 .net/2u *"_ivl_12", 31 0, L_0x7f9e064ca060;  1 drivers
v0x562b67ede3f0_0 .net *"_ivl_14", 0 0, L_0x562b67ef2fc0;  1 drivers
v0x562b67ede4b0_0 .net *"_ivl_18", 31 0, L_0x562b67ef3240;  1 drivers
v0x562b67ede590_0 .net *"_ivl_2", 0 0, L_0x562b67ea3ac0;  1 drivers
L_0x7f9e064ca0a8 .functor BUFT 1, C4<00000000000000000000000000000>, C4<0>, C4<0>, C4<0>;
v0x562b67ede670_0 .net *"_ivl_21", 28 0, L_0x7f9e064ca0a8;  1 drivers
L_0x7f9e064ca0f0 .functor BUFT 1, C4<00000000000000000000000000000010>, C4<0>, C4<0>, C4<0>;
v0x562b67ede750_0 .net/2u *"_ivl_22", 31 0, L_0x7f9e064ca0f0;  1 drivers
v0x562b67ede830_0 .net *"_ivl_24", 0 0, L_0x562b67ef3380;  1 drivers
v0x562b67edea00_0 .net *"_ivl_28", 31 0, L_0x562b67ef35f0;  1 drivers
L_0x7f9e064ca138 .functor BUFT 1, C4<00000000000000000000000000000>, C4<0>, C4<0>, C4<0>;
v0x562b67edeae0_0 .net *"_ivl_31", 28 0, L_0x7f9e064ca138;  1 drivers
L_0x7f9e064ca180 .functor BUFT 1, C4<00000000000000000000000000000011>, C4<0>, C4<0>, C4<0>;
v0x562b67edebc0_0 .net/2u *"_ivl_32", 31 0, L_0x7f9e064ca180;  1 drivers
v0x562b67edeca0_0 .net *"_ivl_34", 0 0, L_0x562b67ef3730;  1 drivers
v0x562b67eded60_0 .net *"_ivl_38", 31 0, L_0x562b67ef3920;  1 drivers
v0x562b67edee40_0 .net *"_ivl_4", 0 0, L_0x562b67ee2c90;  1 drivers
L_0x7f9e064ca1c8 .functor BUFT 1, C4<00000000000000000000000000000>, C4<0>, C4<0>, C4<0>;
v0x562b67edef20_0 .net *"_ivl_41", 28 0, L_0x7f9e064ca1c8;  1 drivers
L_0x7f9e064ca210 .functor BUFT 1, C4<00000000000000000000000000000100>, C4<0>, C4<0>, C4<0>;
v0x562b67edf000_0 .net/2u *"_ivl_42", 31 0, L_0x7f9e064ca210;  1 drivers
v0x562b67edf0e0_0 .net *"_ivl_44", 0 0, L_0x562b67ef39c0;  1 drivers
v0x562b67edf1a0_0 .net *"_ivl_49", 6 0, L_0x562b67ef3c60;  1 drivers
v0x562b67edf280_0 .net *"_ivl_52", 31 0, L_0x562b67ef3e80;  1 drivers
L_0x7f9e064ca258 .functor BUFT 1, C4<00000000000000000000000000000>, C4<0>, C4<0>, C4<0>;
v0x562b67edf360_0 .net *"_ivl_55", 28 0, L_0x7f9e064ca258;  1 drivers
L_0x7f9e064ca2a0 .functor BUFT 1, C4<00000000000000000000000000000000>, C4<0>, C4<0>, C4<0>;
v0x562b67edf440_0 .net/2u *"_ivl_56", 31 0, L_0x7f9e064ca2a0;  1 drivers
v0x562b67edf520_0 .net *"_ivl_58", 0 0, L_0x562b67ef3f50;  1 drivers
v0x562b67edf5e0_0 .net *"_ivl_60", 7 0, L_0x562b67ef40e0;  1 drivers
v0x562b67edf6c0_0 .net *"_ivl_62", 7 0, L_0x562b67ef4220;  1 drivers
v0x562b67edf9b0_0 .net *"_ivl_64", 31 0, L_0x562b67ef42e0;  1 drivers
L_0x7f9e064ca2e8 .functor BUFT 1, C4<00000000000000000000000000000>, C4<0>, C4<0>, C4<0>;
v0x562b67edfa90_0 .net *"_ivl_67", 28 0, L_0x7f9e064ca2e8;  1 drivers
L_0x7f9e064ca330 .functor BUFT 1, C4<00000000000000000000000000000001>, C4<0>, C4<0>, C4<0>;
v0x562b67edfb70_0 .net/2u *"_ivl_68", 31 0, L_0x7f9e064ca330;  1 drivers
v0x562b67edfc50_0 .net *"_ivl_70", 0 0, L_0x562b67ef4450;  1 drivers
v0x562b67edfd10_0 .net *"_ivl_72", 7 0, L_0x562b67ef4590;  1 drivers
v0x562b67edfdf0_0 .net *"_ivl_74", 7 0, L_0x562b67ef4070;  1 drivers
v0x562b67edfed0_0 .net *"_ivl_76", 7 0, L_0x562b67ef48d0;  1 drivers
v0x562b67edffb0_0 .net *"_ivl_78", 1 0, L_0x562b67ef4990;  1 drivers
v0x562b67ee0090_0 .net *"_ivl_8", 31 0, L_0x562b67ee2e90;  1 drivers
v0x562b67ee0170_0 .net *"_ivl_80", 7 0, L_0x562b67ef4a60;  1 drivers
L_0x7f9e064ca378 .functor BUFT 1, C4<000000>, C4<0>, C4<0>, C4<0>;
v0x562b67ee0250_0 .net *"_ivl_83", 5 0, L_0x7f9e064ca378;  1 drivers
v0x562b67ee0330_0 .net *"_ivl_84", 31 0, L_0x562b67ef4c70;  1 drivers
L_0x7f9e064ca3c0 .functor BUFT 1, C4<00000000000000000000000000000>, C4<0>, C4<0>, C4<0>;
v0x562b67ee0410_0 .net *"_ivl_87", 28 0, L_0x7f9e064ca3c0;  1 drivers
L_0x7f9e064ca408 .functor BUFT 1, C4<00000000000000000000000000000010>, C4<0>, C4<0>, C4<0>;
v0x562b67ee04f0_0 .net/2u *"_ivl_88", 31 0, L_0x7f9e064ca408;  1 drivers
v0x562b67ee05d0_0 .net *"_ivl_90", 0 0, L_0x562b67ef4d90;  1 drivers
v0x562b67ee0690_0 .net *"_ivl_92", 7 0, L_0x562b67ef4b80;  1 drivers
v0x562b67ee0770_0 .net *"_ivl_94", 7 0, L_0x562b67ef5160;  1 drivers
v0x562b67ee0850_0 .net "ack_o", 0 0, L_0x562b67eba050;  1 drivers
o0x7f9e065139a8 .functor BUFZ 3, C4<zzz>; HiZ drive
v0x562b67ee0910_0 .net "adr_i", 2 0, o0x7f9e065139a8;  0 drivers
v0x562b67ee09f0_0 .var "bb8", 7 0;
v0x562b67ee0ad0_0 .var "bba", 0 0;
v0x562b67ee0b90_0 .var "bc", 2 0;
v0x562b67ee0c70_0 .var "bc_next", 2 0;
v0x562b67ee0d50_0 .net "bstb", 0 0, L_0x562b67ef3b50;  1 drivers
v0x562b67ee0e10_0 .var "cc", 7 0;
v0x562b67ee0ef0_0 .var "cc_next", 7 0;
v0x562b67ee0fd0_0 .var "ccr", 7 0;
o0x7f9e06513b58 .functor BUFZ 1, C4<z>; HiZ drive
v0x562b67ee10b0_0 .net "clk_i", 0 0, o0x7f9e06513b58;  0 drivers
v0x562b67ee1170_0 .net "cpha", 0 0, L_0x562b67ef5500;  1 drivers
v0x562b67ee1230_0 .var "cphar", 0 0;
v0x562b67ee12f0_0 .net "cpol", 0 0, L_0x562b67ef53a0;  1 drivers
v0x562b67ee13b0_0 .var "cpolr", 0 0;
v0x562b67ee1880_0 .net "cstb", 0 0, L_0x562b67ef38b0;  1 drivers
v0x562b67ee1940_0 .net "cyc_i", 0 0, o0x7f9e06513c78;  0 drivers
o0x7f9e06513ca8 .functor BUFZ 8, C4<zzzzzzzz>; HiZ drive
v0x562b67ee1a00_0 .net "dat_i", 7 0, o0x7f9e06513ca8;  0 drivers
v0x562b67ee1ae0_0 .net "dat_o", 7 0, L_0x562b67ef5290;  1 drivers
v0x562b67ee1bc0_0 .net "int_o", 0 0, L_0x562b67ef5cf0;  1 drivers
v0x562b67ee1c80_0 .net "istb", 0 0, L_0x562b67ef34f0;  1 drivers
v0x562b67ee1d40_0 .var "ld", 0 0;
v0x562b67ee1e00_0 .net "misod", 0 0, L_0x562b67ef60f0;  1 drivers
o0x7f9e06513dc8 .functor BUFZ 1, C4<z>; HiZ drive
v0x562b67ee1ec0_0 .net "rst_i", 0 0, o0x7f9e06513dc8;  0 drivers
v0x562b67ee1f80_0 .var "sck", 0 0;
v0x562b67ee2040_0 .var "sf", 0 0;
v0x562b67ee2100_0 .var "spi_seq", 1 0;
v0x562b67ee21e0_0 .var "spi_seq_next", 1 0;
v0x562b67ee22c0_0 .var "sr8", 7 0;
v0x562b67ee23a0_0 .net "sr8_sf", 7 0, L_0x562b67ef3d00;  1 drivers
v0x562b67ee2480_0 .net "stb_i", 0 0, o0x7f9e06513f18;  0 drivers
v0x562b67ee2540_0 .net "txe", 0 0, L_0x562b67ef58f0;  1 drivers
v0x562b67ee2600_0 .var "txeen", 0 0;
v0x562b67ee26c0_0 .net "txr", 0 0, L_0x562b67ef5a80;  1 drivers
v0x562b67ee2780_0 .var "txren", 0 0;
v0x562b67ee2840_0 .net "we_i", 0 0, o0x7f9e06514008;  0 drivers
v0x562b67ee2900_0 .net "wr", 0 0, L_0x562b67ee2d50;  1 drivers
v0x562b67ee29c0_0 .net "wstb", 0 0, L_0x562b67ef3130;  1 drivers
E_0x562b67ea7b70 .event posedge, v0x562b67ee1ec0_0, v0x562b67ee10b0_0;
E_0x562b67ea6310 .event posedge, v0x562b67ee10b0_0;
E_0x562b67e8d1c0/0 .event edge, v0x562b67ee2100_0, v0x562b67ee12f0_0, v0x562b67ee1170_0, v0x562b67ee0fd0_0;
E_0x562b67e8d1c0/1 .event edge, v0x562b67ee0e10_0, v0x562b67ee0b90_0, v0x562b67ee0ad0_0;
E_0x562b67e8d1c0 .event/or E_0x562b67e8d1c0/0, E_0x562b67e8d1c0/1;
L_0x562b67ee2e90 .concat [ 3 29 0 0], o0x7f9e065139a8, L_0x7f9e064ca018;
L_0x562b67ef2fc0 .cmp/eq 32, L_0x562b67ee2e90, L_0x7f9e064ca060;
L_0x562b67ef3240 .concat [ 3 29 0 0], o0x7f9e065139a8, L_0x7f9e064ca0a8;
L_0x562b67ef3380 .cmp/eq 32, L_0x562b67ef3240, L_0x7f9e064ca0f0;
L_0x562b67ef35f0 .concat [ 3 29 0 0], o0x7f9e065139a8, L_0x7f9e064ca138;
L_0x562b67ef3730 .cmp/eq 32, L_0x562b67ef35f0, L_0x7f9e064ca180;
L_0x562b67ef3920 .concat [ 3 29 0 0], o0x7f9e065139a8, L_0x7f9e064ca1c8;
L_0x562b67ef39c0 .cmp/eq 32, L_0x562b67ef3920, L_0x7f9e064ca210;
L_0x562b67ef3c60 .part v0x562b67ee22c0_0, 0, 7;
L_0x562b67ef3d00 .concat [ 1 7 0 0], L_0x562b67ef60f0, L_0x562b67ef3c60;
L_0x562b67ef3e80 .concat [ 3 29 0 0], o0x7f9e065139a8, L_0x7f9e064ca258;
L_0x562b67ef3f50 .cmp/eq 32, L_0x562b67ef3e80, L_0x7f9e064ca2a0;
LS_0x562b67ef40e0_0_0 .concat [ 1 1 1 1], L_0x562b67ef3f50, L_0x562b67ef3f50, L_0x562b67ef3f50, L_0x562b67ef3f50;
LS_0x562b67ef40e0_0_4 .concat [ 1 1 1 1], L_0x562b67ef3f50, L_0x562b67ef3f50, L_0x562b67ef3f50, L_0x562b67ef3f50;
L_0x562b67ef40e0 .concat [ 4 4 0 0], LS_0x562b67ef40e0_0_0, LS_0x562b67ef40e0_0_4;
L_0x562b67ef42e0 .concat [ 3 29 0 0], o0x7f9e065139a8, L_0x7f9e064ca2e8;
L_0x562b67ef4450 .cmp/eq 32, L_0x562b67ef42e0, L_0x7f9e064ca330;
LS_0x562b67ef4590_0_0 .concat [ 1 1 1 1], L_0x562b67ef4450, L_0x562b67ef4450, L_0x562b67ef4450, L_0x562b67ef4450;
LS_0x562b67ef4590_0_4 .concat [ 1 1 1 1], L_0x562b67ef4450, L_0x562b67ef4450, L_0x562b67ef4450, L_0x562b67ef4450;
L_0x562b67ef4590 .concat [ 4 4 0 0], LS_0x562b67ef4590_0_0, LS_0x562b67ef4590_0_4;
L_0x562b67ef4990 .concat [ 1 1 0 0], L_0x562b67ef58f0, L_0x562b67ef5a80;
L_0x562b67ef4a60 .concat [ 2 6 0 0], L_0x562b67ef4990, L_0x7f9e064ca378;
L_0x562b67ef4c70 .concat [ 3 29 0 0], o0x7f9e065139a8, L_0x7f9e064ca3c0;
L_0x562b67ef4d90 .cmp/eq 32, L_0x562b67ef4c70, L_0x7f9e064ca408;
LS_0x562b67ef4b80_0_0 .concat [ 1 1 1 1], L_0x562b67ef4d90, L_0x562b67ef4d90, L_0x562b67ef4d90, L_0x562b67ef4d90;
LS_0x562b67ef4b80_0_4 .concat [ 1 1 1 1], L_0x562b67ef4d90, L_0x562b67ef4d90, L_0x562b67ef4d90, L_0x562b67ef4d90;
L_0x562b67ef4b80 .concat [ 4 4 0 0], LS_0x562b67ef4b80_0_0, LS_0x562b67ef4b80_0_4;
L_0x562b67ef53a0 .part L_0x7f9e064ca450, 1, 1;
L_0x562b67ef5500 .part L_0x7f9e064ca450, 0, 1;
L_0x562b67ef55f0 .concat [ 2 30 0 0], v0x562b67ee2100_0, L_0x7f9e064ca498;
L_0x562b67ef58f0 .cmp/eq 32, L_0x562b67ef55f0, L_0x7f9e064ca4e0;
L_0x562b67ef5f40 .part v0x562b67ee22c0_0, 7, 1;
    .scope S_0x562b67e9fd00;
T_0 ;
    %wait E_0x562b67ea7b70;
    %load/vec4 v0x562b67ee1ec0_0;
    %flag_set/vec4 8;
    %jmp/0xz  T_0.0, 8;
    %pushi/vec4 0, 0, 2;
    %assign/vec4 v0x562b67ee2100_0, 0;
    %jmp T_0.1;
T_0.0 ;
    %load/vec4 v0x562b67ee21e0_0;
    %assign/vec4 v0x562b67ee2100_0, 0;
T_0.1 ;
    %jmp T_0;
    .thread T_0;
    .scope S_0x562b67e9fd00;
T_1 ;
    %wait E_0x562b67ea6310;
    %load/vec4 v0x562b67ee0ef0_0;
    %assign/vec4 v0x562b67ee0e10_0, 0;
    %load/vec4 v0x562b67ee0c70_0;
    %assign/vec4 v0x562b67ee0b90_0, 0;
    %jmp T_1;
    .thread T_1;
    .scope S_0x562b67e9fd00;
T_2 ;
    %wait E_0x562b67e8d1c0;
    %load/vec4 v0x562b67ee12f0_0;
    %store/vec4 v0x562b67ee1f80_0, 0, 1;
    %load/vec4 v0x562b67ee0fd0_0;
    %pad/u 32;
    %pad/u 8;
    %store/vec4 v0x562b67ee0ef0_0, 0, 8;
    %load/vec4 v0x562b67ee0b90_0;
    %store/vec4 v0x562b67ee0c70_0, 0, 3;
    %pushi/vec4 0, 0, 1;
    %store/vec4 v0x562b67ee1d40_0, 0, 1;
    %pushi/vec4 0, 0, 1;
    %store/vec4 v0x562b67ee2040_0, 0, 1;
    %load/vec4 v0x562b67ee2100_0;
    %dup/vec4;
    %pushi/vec4 0, 0, 2;
    %cmp/u;
    %jmp/1 T_2.0, 6;
    %dup/vec4;
    %pushi/vec4 2, 0, 2;
    %cmp/u;
    %jmp/1 T_2.1, 6;
    %dup/vec4;
    %pushi/vec4 1, 0, 2;
    %cmp/u;
    %jmp/1 T_2.2, 6;
    %jmp T_2.3;
T_2.0 ;
    %load/vec4 v0x562b67ee0ad0_0;
    %flag_set/vec4 8;
    %jmp/0xz  T_2.4, 8;
    %pushi/vec4 7, 0, 3;
    %store/vec4 v0x562b67ee0c70_0, 0, 3;
    %pushi/vec4 1, 0, 1;
    %store/vec4 v0x562b67ee1d40_0, 0, 1;
    %pushi/vec4 2, 0, 2;
    %store/vec4 v0x562b67ee21e0_0, 0, 2;
    %jmp T_2.5;
T_2.4 ;
    %pushi/vec4 0, 0, 2;
    %store/vec4 v0x562b67ee21e0_0, 0, 2;
T_2.5 ;
    %jmp T_2.3;
T_2.1 ;
    %load/vec4 v0x562b67ee12f0_0;
    %load/vec4 v0x562b67ee1170_0;
    %xor;
    %store/vec4 v0x562b67ee1f80_0, 0, 1;
    %load/vec4 v0x562b67ee0e10_0;
    %pad/u 32;
    %cmpi/e 0, 0, 32;
    %jmp/0xz  T_2.6, 4;
    %pushi/vec4 1, 0, 2;
    %store/vec4 v0x562b67ee21e0_0, 0, 2;
    %jmp T_2.7;
T_2.6 ;
    %load/vec4 v0x562b67ee0e10_0;
    %subi 1, 0, 8;
    %store/vec4 v0x562b67ee0ef0_0, 0, 8;
    %pushi/vec4 2, 0, 2;
    %store/vec4 v0x562b67ee21e0_0, 0, 2;
T_2.7 ;
    %jmp T_2.3;
T_2.2 ;
    %load/vec4 v0x562b67ee12f0_0;
    %load/vec4 v0x562b67ee1170_0;
    %xor;
    %inv;
    %store/vec4 v0x562b67ee1f80_0, 0, 1;
    %load/vec4 v0x562b67ee0e10_0;
    %pad/u 32;
    %cmpi/e 0, 0, 32;
    %jmp/0xz  T_2.8, 4;
    %load/vec4 v0x562b67ee0b90_0;
    %subi 1, 0, 3;
    %store/vec4 v0x562b67ee0c70_0, 0, 3;
    %pushi/vec4 1, 0, 1;
    %store/vec4 v0x562b67ee2040_0, 0, 1;
    %load/vec4 v0x562b67ee0b90_0;
    %pad/u 32;
    %cmpi/e 0, 0, 32;
    %jmp/0xz  T_2.10, 4;
    %load/vec4 v0x562b67ee0ad0_0;
    %flag_set/vec4 8;
    %jmp/0xz  T_2.12, 8;
    %pushi/vec4 7, 0, 3;
    %store/vec4 v0x562b67ee0c70_0, 0, 3;
    %pushi/vec4 1, 0, 1;
    %store/vec4 v0x562b67ee1d40_0, 0, 1;
    %pushi/vec4 2, 0, 2;
    %store/vec4 v0x562b67ee21e0_0, 0, 2;
    %jmp T_2.13;
T_2.12 ;
    %pushi/vec4 0, 0, 2;
    %store/vec4 v0x562b67ee21e0_0, 0, 2;
T_2.13 ;
    %jmp T_2.11;
T_2.10 ;
    %pushi/vec4 2, 0, 2;
    %store/vec4 v0x562b67ee21e0_0, 0, 2;
T_2.11 ;
    %jmp T_2.9;
T_2.8 ;
    %load/vec4 v0x562b67ee0e10_0;
    %subi 1, 0, 8;
    %store/vec4 v0x562b67ee0ef0_0, 0, 8;
    %pushi/vec4 1, 0, 2;
    %store/vec4 v0x562b67ee21e0_0, 0, 2;
T_2.9 ;
    %jmp T_2.3;
T_2.3 ;
    %pop/vec4 1;
    %jmp T_2;
    .thread T_2, $push;
    .scope S_0x562b67e9fd00;
T_3 ;
    %wait E_0x562b67ea6310;
    %load/vec4 v0x562b67ee1880_0;
    %flag_set/vec4 8;
    %jmp/0xz  T_3.0, 8;
    %load/vec4 v0x562b67ee1a00_0;
    %pad/u 2;
    %split/vec4 1;
    %assign/vec4 v0x562b67ee1230_0, 0;
    %assign/vec4 v0x562b67ee13b0_0, 0;
    %jmp T_3.1;
T_3.0 ;
    %load/vec4 v0x562b67ee13b0_0;
    %load/vec4 v0x562b67ee1230_0;
    %concat/vec4; draw_concat_vec4
    %split/vec4 1;
    %assign/vec4 v0x562b67ee1230_0, 0;
    %assign/vec4 v0x562b67ee13b0_0, 0;
T_3.1 ;
    %load/vec4 v0x562b67ee1c80_0;
    %flag_set/vec4 8;
    %jmp/0xz  T_3.2, 8;
    %load/vec4 v0x562b67ee1a00_0;
    %pad/u 2;
    %split/vec4 1;
    %assign/vec4 v0x562b67ee2600_0, 0;
    %assign/vec4 v0x562b67ee2780_0, 0;
    %jmp T_3.3;
T_3.2 ;
    %load/vec4 v0x562b67ee2780_0;
    %load/vec4 v0x562b67ee2600_0;
    %concat/vec4; draw_concat_vec4
    %split/vec4 1;
    %assign/vec4 v0x562b67ee2600_0, 0;
    %assign/vec4 v0x562b67ee2780_0, 0;
T_3.3 ;
    %load/vec4 v0x562b67ee0d50_0;
    %flag_set/vec4 8;
    %jmp/0xz  T_3.4, 8;
    %load/vec4 v0x562b67ee1a00_0;
    %assign/vec4 v0x562b67ee0fd0_0, 0;
    %jmp T_3.5;
T_3.4 ;
    %load/vec4 v0x562b67ee0fd0_0;
    %assign/vec4 v0x562b67ee0fd0_0, 0;
T_3.5 ;
    %load/vec4 v0x562b67ee1d40_0;
    %flag_set/vec4 8;
    %jmp/0xz  T_3.6, 8;
    %load/vec4 v0x562b67ee09f0_0;
    %assign/vec4 v0x562b67ee22c0_0, 0;
    %jmp T_3.7;
T_3.6 ;
    %load/vec4 v0x562b67ee2040_0;
    %flag_set/vec4 8;
    %jmp/0xz  T_3.8, 8;
    %load/vec4 v0x562b67ee23a0_0;
    %assign/vec4 v0x562b67ee22c0_0, 0;
    %jmp T_3.9;
T_3.8 ;
    %load/vec4 v0x562b67ee22c0_0;
    %assign/vec4 v0x562b67ee22c0_0, 0;
T_3.9 ;
T_3.7 ;
    %load/vec4 v0x562b67ee29c0_0;
    %flag_set/vec4 8;
    %jmp/0xz  T_3.10, 8;
    %load/vec4 v0x562b67ee1a00_0;
    %assign/vec4 v0x562b67ee09f0_0, 0;
    %jmp T_3.11;
T_3.10 ;
    %load/vec4 v0x562b67ee1d40_0;
    %flag_set/vec4 8;
    %jmp/0xz  T_3.12, 8;
    %load/vec4 v0x562b67ee2100_0;
    %pad/u 32;
    %cmpi/e 0, 0, 32;
    %flag_mov 8, 4;
    %jmp/0 T_3.14, 8;
    %load/vec4 v0x562b67ee22c0_0;
    %jmp/1 T_3.15, 8;
T_3.14 ; End of true expr.
    %load/vec4 v0x562b67ee23a0_0;
    %jmp/0 T_3.15, 8;
 ; End of false expr.
    %blend;
T_3.15;
    %assign/vec4 v0x562b67ee09f0_0, 0;
    %jmp T_3.13;
T_3.12 ;
    %load/vec4 v0x562b67ee09f0_0;
    %assign/vec4 v0x562b67ee09f0_0, 0;
T_3.13 ;
T_3.11 ;
    %jmp T_3;
    .thread T_3;
    .scope S_0x562b67e9fd00;
T_4 ;
    %wait E_0x562b67ea7b70;
    %load/vec4 v0x562b67ee1ec0_0;
    %flag_set/vec4 8;
    %jmp/0xz  T_4.0, 8;
    %pushi/vec4 0, 0, 1;
    %assign/vec4 v0x562b67ee0ad0_0, 0;
    %jmp T_4.1;
T_4.0 ;
    %load/vec4 v0x562b67ee29c0_0;
    %flag_set/vec4 8;
    %jmp/0xz  T_4.2, 8;
    %pushi/vec4 1, 0, 1;
    %assign/vec4 v0x562b67ee0ad0_0, 0;
    %jmp T_4.3;
T_4.2 ;
    %load/vec4 v0x562b67ee1d40_0;
    %flag_set/vec4 8;
    %jmp/0xz  T_4.4, 8;
    %pushi/vec4 0, 0, 1;
    %assign/vec4 v0x562b67ee0ad0_0, 0;
    %jmp T_4.5;
T_4.4 ;
    %load/vec4 v0x562b67ee0ad0_0;
    %assign/vec4 v0x562b67ee0ad0_0, 0;
T_4.5 ;
T_4.3 ;
T_4.1 ;
    %jmp T_4;
    .thread T_4;
# The file index is used to find the file name in the following table.
:file_names 3;
    "N/A";
    "<interactive>";
    "/home/hongxiaoyu/Projects/FPGA/KC_LS1u_SoC/RTL/peripherals/tiny_spi.v";
