#! /usr/bin/vvp
:ivl_version "11.0 (stable)";
:ivl_delay_selection "TYPICAL";
:vpi_time_precision + 0;
:vpi_module "/usr/lib/x86_64-linux-gnu/ivl/system.vpi";
:vpi_module "/usr/lib/x86_64-linux-gnu/ivl/vhdl_sys.vpi";
:vpi_module "/usr/lib/x86_64-linux-gnu/ivl/vhdl_textio.vpi";
:vpi_module "/usr/lib/x86_64-linux-gnu/ivl/v2005_math.vpi";
:vpi_module "/usr/lib/x86_64-linux-gnu/ivl/va_math.vpi";
S_0x564020944cf0 .scope module, "uart_tx" "uart_tx" 2 1;
 .timescale 0 0;
    .port_info 0 /INPUT 1 "clk";
    .port_info 1 /INPUT 1 "rst";
    .port_info 2 /INPUT 8 "tx_data";
    .port_info 3 /INPUT 1 "tx_en";
    .port_info 4 /OUTPUT 1 "tx_rdy";
    .port_info 5 /OUTPUT 1 "txd";
    .port_info 6 /INPUT 14 "param_fdiv";
    .port_info 7 /INPUT 2 "param_stop";
    .port_info 8 /INPUT 2 "param_pari";
P_0x564020944e80 .param/l "BAUDRATE" 0 2 4, +C4<00000000000011110100001001000000>;
P_0x564020944ec0 .param/l "CLKDIV" 1 2 21, +C4<00000000000000000000000000110010>;
P_0x564020944f00 .param/l "CLKRATE" 0 2 3, +C4<00000010111110101111000010000000>;
P_0x564020944f40 .param/str "CONFIG" 0 2 8, "FIXED";
P_0x564020944f80 .param/l "DATA_BIT" 0 2 5, +C4<00000000000000000000000000001000>;
P_0x564020944fc0 .param/l "FDIV_WID" 1 2 22, +C4<00000000000000000000000000000110>;
P_0x564020945000 .param/str "PARITY_BIT" 0 2 6, "Odd";
P_0x564020945040 .param/str "STOP_BIT" 0 2 7, "2";
L_0x56402096cf90 .functor OR 1, L_0x5640209a6cb0, L_0x5640209a6de0, C4<0>, C4<0>;
v0x564020945630_0 .net *"_ivl_11", 0 0, L_0x5640209a6890;  1 drivers
v0x5640209703c0_0 .net *"_ivl_13", 0 0, L_0x5640209a6930;  1 drivers
v0x564020970b70_0 .net *"_ivl_19", 0 0, L_0x5640209a6cb0;  1 drivers
v0x564020970c40_0 .net *"_ivl_21", 0 0, L_0x5640209a6de0;  1 drivers
L_0x7f6203d550f0 .functor BUFT 1, C4<11>, C4<0>, C4<0>, C4<0>;
v0x564020972510_0 .net/2u *"_ivl_6", 1 0, L_0x7f6203d550f0;  1 drivers
v0x564020973720_0 .net *"_ivl_8", 0 0, L_0x5640209a6770;  1 drivers
v0x564020973ff0_0 .var "baud_flag", 0 0;
o0x7f6203d9e168 .functor BUFZ 1, C4<z>; HiZ drive
v0x5640209a5420_0 .net "clk", 0 0, o0x7f6203d9e168;  0 drivers
v0x5640209a54e0_0 .var "fdiv_cnt", 5 0;
L_0x7f6203d55018 .functor BUFT 1, C4<110010>, C4<0>, C4<0>, C4<0>;
v0x5640209a55c0_0 .net "fdiv_coeff", 5 0, L_0x7f6203d55018;  1 drivers
v0x5640209a56a0_0 .var "half_baud_flag", 0 0;
o0x7f6203d9e228 .functor BUFZ 14, C4<zzzzzzzzzzzzzz>; HiZ drive
v0x5640209a5760_0 .net "param_fdiv", 13 0, o0x7f6203d9e228;  0 drivers
o0x7f6203d9e258 .functor BUFZ 2, C4<zz>; HiZ drive
v0x5640209a5840_0 .net "param_pari", 1 0, o0x7f6203d9e258;  0 drivers
o0x7f6203d9e288 .functor BUFZ 2, C4<zz>; HiZ drive
v0x5640209a5920_0 .net "param_stop", 1 0, o0x7f6203d9e288;  0 drivers
L_0x7f6203d55060 .functor BUFT 1, C4<11>, C4<0>, C4<0>, C4<0>;
v0x5640209a5a00_0 .net "parity_setting", 1 0, L_0x7f6203d55060;  1 drivers
o0x7f6203d9e2e8 .functor BUFZ 1, C4<z>; HiZ drive
v0x5640209a5ae0_0 .net "rst", 0 0, o0x7f6203d9e2e8;  0 drivers
L_0x7f6203d550a8 .functor BUFT 1, C4<00>, C4<0>, C4<0>, C4<0>;
v0x5640209a5ba0_0 .net "stop_setting", 1 0, L_0x7f6203d550a8;  1 drivers
o0x7f6203d9e348 .functor BUFZ 8, C4<zzzzzzzz>; HiZ drive
v0x5640209a5d90_0 .net "tx_data", 7 0, o0x7f6203d9e348;  0 drivers
o0x7f6203d9e378 .functor BUFZ 1, C4<z>; HiZ drive
v0x5640209a5e70_0 .net "tx_en", 0 0, o0x7f6203d9e378;  0 drivers
v0x5640209a5f30_0 .net "tx_in_progress", 0 0, L_0x56402096cf90;  1 drivers
v0x5640209a5ff0_0 .net "tx_parity", 0 0, L_0x5640209a6a50;  1 drivers
v0x5640209a60b0_0 .net "tx_rdy", 0 0, L_0x5640209a6f50;  1 drivers
v0x5640209a6170_0 .var "tx_shifter", 10 0;
v0x5640209a6250_0 .var "tx_stop_sft", 2 0;
v0x5640209a6330_0 .net "tx_valid", 0 0, L_0x5640209a6c10;  1 drivers
v0x5640209a63f0_0 .var "tx_valid_sft", 10 0;
v0x5640209a64d0_0 .var "txd", 0 0;
E_0x564020981c10 .event posedge, v0x5640209a5420_0;
E_0x56402097e170 .event posedge, v0x5640209a5ae0_0, v0x5640209a5420_0;
L_0x5640209a6770 .cmp/eq 2, L_0x7f6203d55060, L_0x7f6203d550f0;
L_0x5640209a6890 .reduce/xnor o0x7f6203d9e348;
L_0x5640209a6930 .reduce/xor o0x7f6203d9e348;
L_0x5640209a6a50 .functor MUXZ 1, L_0x5640209a6930, L_0x5640209a6890, L_0x5640209a6770, C4<>;
L_0x5640209a6c10 .part v0x5640209a63f0_0, 0, 1;
L_0x5640209a6cb0 .part v0x5640209a63f0_0, 0, 1;
L_0x5640209a6de0 .part v0x5640209a6250_0, 0, 1;
L_0x5640209a6f50 .reduce/nor L_0x56402096cf90;
    .scope S_0x564020944cf0;
T_0 ;
    %wait E_0x564020981c10;
    %load/vec4 v0x564020973ff0_0;
    %load/vec4 v0x5640209a5ae0_0;
    %or;
    %flag_set/vec4 8;
    %jmp/0xz  T_0.0, 8;
    %pushi/vec4 0, 0, 6;
    %assign/vec4 v0x5640209a54e0_0, 0;
    %jmp T_0.1;
T_0.0 ;
    %load/vec4 v0x5640209a54e0_0;
    %load/vec4 v0x5640209a5f30_0;
    %pad/u 6;
    %add;
    %assign/vec4 v0x5640209a54e0_0, 0;
T_0.1 ;
    %jmp T_0;
    .thread T_0;
    .scope S_0x564020944cf0;
T_1 ;
    %wait E_0x56402097e170;
    %load/vec4 v0x5640209a5ae0_0;
    %flag_set/vec4 8;
    %jmp/0xz  T_1.0, 8;
    %pushi/vec4 0, 0, 1;
    %assign/vec4 v0x564020973ff0_0, 0;
    %jmp T_1.1;
T_1.0 ;
    %load/vec4 v0x5640209a54e0_0;
    %pad/u 32;
    %load/vec4 v0x5640209a55c0_0;
    %pad/u 32;
    %subi 2, 0, 32;
    %cmp/e;
    %flag_get/vec4 4;
    %assign/vec4 v0x564020973ff0_0, 0;
T_1.1 ;
    %jmp T_1;
    .thread T_1;
    .scope S_0x564020944cf0;
T_2 ;
    %wait E_0x56402097e170;
    %load/vec4 v0x5640209a5ae0_0;
    %flag_set/vec4 8;
    %jmp/0xz  T_2.0, 8;
    %pushi/vec4 1, 0, 1;
    %assign/vec4 v0x5640209a64d0_0, 0;
    %jmp T_2.1;
T_2.0 ;
    %load/vec4 v0x5640209a6330_0;
    %flag_set/vec4 8;
    %jmp/0xz  T_2.2, 8;
    %load/vec4 v0x5640209a6170_0;
    %parti/s 1, 0, 2;
    %assign/vec4 v0x5640209a64d0_0, 0;
    %jmp T_2.3;
T_2.2 ;
    %load/vec4 v0x5640209a64d0_0;
    %assign/vec4 v0x5640209a64d0_0, 0;
T_2.3 ;
T_2.1 ;
    %jmp T_2;
    .thread T_2;
    .scope S_0x564020944cf0;
T_3 ;
    %wait E_0x564020981c10;
    %load/vec4 v0x5640209a6330_0;
    %load/vec4 v0x564020973ff0_0;
    %and;
    %flag_set/vec4 8;
    %jmp/0xz  T_3.0, 8;
    %load/vec4 v0x5640209a6170_0;
    %ix/load 4, 1, 0;
    %flag_set/imm 4, 0;
    %shiftr 4;
    %assign/vec4 v0x5640209a6170_0, 0;
    %jmp T_3.1;
T_3.0 ;
    %load/vec4 v0x5640209a5e70_0;
    %load/vec4 v0x5640209a60b0_0;
    %and;
    %flag_set/vec4 8;
    %jmp/0xz  T_3.2, 8;
    %load/vec4 v0x5640209a5a00_0;
    %parti/s 1, 1, 2;
    %flag_set/vec4 8;
    %jmp/0xz  T_3.4, 8;
    %pushi/vec4 1, 0, 1;
    %load/vec4 v0x5640209a5ff0_0;
    %concat/vec4; draw_concat_vec4
    %load/vec4 v0x5640209a5d90_0;
    %concat/vec4; draw_concat_vec4
    %concati/vec4 0, 0, 1;
    %assign/vec4 v0x5640209a6170_0, 0;
    %jmp T_3.5;
T_3.4 ;
    %pushi/vec4 1, 0, 2;
    %load/vec4 v0x5640209a5d90_0;
    %concat/vec4; draw_concat_vec4
    %concati/vec4 0, 0, 1;
    %assign/vec4 v0x5640209a6170_0, 0;
T_3.5 ;
T_3.2 ;
T_3.1 ;
    %jmp T_3;
    .thread T_3;
    .scope S_0x564020944cf0;
T_4 ;
    %wait E_0x564020981c10;
    %load/vec4 v0x5640209a5ae0_0;
    %flag_set/vec4 8;
    %jmp/0xz  T_4.0, 8;
    %pushi/vec4 0, 0, 11;
    %assign/vec4 v0x5640209a63f0_0, 0;
    %jmp T_4.1;
T_4.0 ;
    %load/vec4 v0x5640209a6330_0;
    %load/vec4 v0x564020973ff0_0;
    %and;
    %flag_set/vec4 8;
    %jmp/0xz  T_4.2, 8;
    %load/vec4 v0x5640209a63f0_0;
    %ix/load 4, 1, 0;
    %flag_set/imm 4, 0;
    %shiftr 4;
    %assign/vec4 v0x5640209a63f0_0, 0;
    %jmp T_4.3;
T_4.2 ;
    %load/vec4 v0x5640209a5e70_0;
    %load/vec4 v0x5640209a60b0_0;
    %and;
    %flag_set/vec4 8;
    %jmp/0xz  T_4.4, 8;
    %load/vec4 v0x5640209a5a00_0;
    %parti/s 1, 1, 2;
    %flag_set/vec4 8;
    %jmp/0xz  T_4.6, 8;
    %pushi/vec4 2047, 0, 11;
    %assign/vec4 v0x5640209a63f0_0, 0;
    %jmp T_4.7;
T_4.6 ;
    %pushi/vec4 1023, 0, 11;
    %assign/vec4 v0x5640209a63f0_0, 0;
T_4.7 ;
T_4.4 ;
T_4.3 ;
T_4.1 ;
    %jmp T_4;
    .thread T_4;
    .scope S_0x564020944cf0;
T_5 ;
    %wait E_0x564020981c10;
    %load/vec4 v0x5640209a5ba0_0;
    %cmpi/e 2, 0, 2;
    %jmp/0xz  T_5.0, 4;
    %load/vec4 v0x5640209a54e0_0;
    %parti/s 5, 0, 2;
    %pad/u 32;
    %load/vec4 v0x5640209a55c0_0;
    %pad/u 32;
    %ix/load 4, 1, 0;
    %flag_set/imm 4, 0;
    %shiftr 4;
    %subi 2, 0, 32;
    %cmp/e;
    %flag_get/vec4 4;
    %assign/vec4 v0x5640209a56a0_0, 0;
    %jmp T_5.1;
T_5.0 ;
    %pushi/vec4 0, 0, 1;
    %assign/vec4 v0x5640209a56a0_0, 0;
T_5.1 ;
    %jmp T_5;
    .thread T_5;
    .scope S_0x564020944cf0;
T_6 ;
    %wait E_0x564020981c10;
    %load/vec4 v0x5640209a5ae0_0;
    %flag_set/vec4 8;
    %jmp/0xz  T_6.0, 8;
    %pushi/vec4 0, 0, 3;
    %assign/vec4 v0x5640209a6250_0, 0;
    %jmp T_6.1;
T_6.0 ;
    %load/vec4 v0x5640209a5f30_0;
    %load/vec4 v0x5640209a6330_0;
    %nor/r;
    %and;
    %flag_set/vec4 8;
    %jmp/0xz  T_6.2, 8;
    %load/vec4 v0x5640209a56a0_0;
    %load/vec4 v0x5640209a5ba0_0;
    %pushi/vec4 2, 0, 2;
    %cmp/e;
    %flag_get/vec4 4;
    %and;
    %flag_set/vec4 8;
    %jmp/0xz  T_6.4, 8;
    %load/vec4 v0x5640209a6250_0;
    %ix/load 4, 1, 0;
    %flag_set/imm 4, 0;
    %shiftr 4;
    %assign/vec4 v0x5640209a6250_0, 0;
    %jmp T_6.5;
T_6.4 ;
    %load/vec4 v0x564020973ff0_0;
    %flag_set/vec4 8;
    %jmp/0xz  T_6.6, 8;
    %load/vec4 v0x5640209a6250_0;
    %ix/load 4, 1, 0;
    %flag_set/imm 4, 0;
    %shiftr 4;
    %assign/vec4 v0x5640209a6250_0, 0;
T_6.6 ;
T_6.5 ;
    %jmp T_6.3;
T_6.2 ;
    %load/vec4 v0x5640209a5e70_0;
    %load/vec4 v0x5640209a60b0_0;
    %and;
    %flag_set/vec4 8;
    %jmp/0xz  T_6.8, 8;
    %load/vec4 v0x5640209a5ba0_0;
    %dup/vec4;
    %pushi/vec4 2, 0, 2;
    %cmp/u;
    %jmp/1 T_6.10, 6;
    %dup/vec4;
    %pushi/vec4 3, 0, 2;
    %cmp/u;
    %jmp/1 T_6.11, 6;
    %pushi/vec4 0, 0, 3;
    %assign/vec4 v0x5640209a6250_0, 0;
    %jmp T_6.13;
T_6.10 ;
    %pushi/vec4 3, 0, 3;
    %assign/vec4 v0x5640209a6250_0, 0;
    %jmp T_6.13;
T_6.11 ;
    %pushi/vec4 1, 0, 3;
    %assign/vec4 v0x5640209a6250_0, 0;
    %jmp T_6.13;
T_6.13 ;
    %pop/vec4 1;
T_6.8 ;
T_6.3 ;
T_6.1 ;
    %jmp T_6;
    .thread T_6;
# The file index is used to find the file name in the following table.
:file_names 3;
    "N/A";
    "<interactive>";
    "/home/hongxiaoyu/Projects/FPGA/tiny-soc/src/rtl/peripheral/uart/uart_tx.v";
